Using pre-set license
Built from '2022.3/release' branch; Version is '2022.3.20f1 (61c2feb0970d) revision 6406910'; Using compiler version '192829333'; Build Type 'Release'
OS: 'Windows 11  (10.0.22631) 64bit Professional' Language: 'ja' Physical Memory: 16187 MB
BatchMode: 1, IsHumanControllingUs: 0, StartBugReporterOnCrash: 0, Is64bit: 1, IsPro: 1

COMMAND LINE ARGUMENTS:
C:\Program Files\Unity\Hub\Editor\2022.3.20f1\Editor\Unity.exe
-adb2
-batchMode
-noUpm
-name
AssetImportWorker0
-projectPath
C:/Users/student/Desktop/Unity_3D_Action_Git/Project_3D_Action
-logFile
Logs/AssetImportWorker0.log
-srvPort
63825
Successfully changed project path to: C:/Users/student/Desktop/Unity_3D_Action_Git/Project_3D_Action
C:/Users/student/Desktop/Unity_3D_Action_Git/Project_3D_Action
[UnityMemory] Configuration Parameters - Can be set up in boot.config
    "memorysetup-bucket-allocator-granularity=16"
    "memorysetup-bucket-allocator-bucket-count=8"
    "memorysetup-bucket-allocator-block-size=33554432"
    "memorysetup-bucket-allocator-block-count=8"
    "memorysetup-main-allocator-block-size=16777216"
    "memorysetup-thread-allocator-block-size=16777216"
    "memorysetup-gfx-main-allocator-block-size=16777216"
    "memorysetup-gfx-thread-allocator-block-size=16777216"
    "memorysetup-cache-allocator-block-size=4194304"
    "memorysetup-typetree-allocator-block-size=2097152"
    "memorysetup-profiler-bucket-allocator-granularity=16"
    "memorysetup-profiler-bucket-allocator-bucket-count=8"
    "memorysetup-profiler-bucket-allocator-block-size=33554432"
    "memorysetup-profiler-bucket-allocator-block-count=8"
    "memorysetup-profiler-allocator-block-size=16777216"
    "memorysetup-profiler-editor-allocator-block-size=1048576"
    "memorysetup-temp-allocator-size-main=16777216"
    "memorysetup-job-temp-allocator-block-size=2097152"
    "memorysetup-job-temp-allocator-block-size-background=1048576"
    "memorysetup-job-temp-allocator-reduction-small-platforms=262144"
    "memorysetup-allocator-temp-initial-block-size-main=262144"
    "memorysetup-allocator-temp-initial-block-size-worker=262144"
    "memorysetup-temp-allocator-size-background-worker=32768"
    "memorysetup-temp-allocator-size-job-worker=262144"
    "memorysetup-temp-allocator-size-preload-manager=33554432"
    "memorysetup-temp-allocator-size-nav-mesh-worker=65536"
    "memorysetup-temp-allocator-size-audio-worker=65536"
    "memorysetup-temp-allocator-size-cloud-worker=32768"
    "memorysetup-temp-allocator-size-gi-baking-worker=262144"
    "memorysetup-temp-allocator-size-gfx=262144"
Player connection [20992] Host "[IP] 172.24.3.152 [Port] 0 [Flags] 2 [Guid] 2525254243 [EditorId] 2525254243 [Version] 1048832 [Id] WindowsEditor(7,407-15) [Debug] 1 [PackageName] WindowsEditor [ProjectName] Editor" joined multi-casting on [225.0.0.222:54997]...

Player connection [20992] Host "[IP] 172.24.3.152 [Port] 0 [Flags] 2 [Guid] 2525254243 [EditorId] 2525254243 [Version] 1048832 [Id] WindowsEditor(7,407-15) [Debug] 1 [PackageName] WindowsEditor [ProjectName] Editor" joined alternative multi-casting on [225.0.0.222:34997]...

[Physics::Module] Initialized MultithreadedJobDispatcher with 11 workers.
Refreshing native plugins compatible for Editor in 14.97 ms, found 3 plugins.
Preloading 0 native plugins for Editor in 0.00 ms.
Initialize engine version: 2022.3.20f1 (61c2feb0970d)
[Subsystems] Discovering subsystems at path C:/Program Files/Unity/Hub/Editor/2022.3.20f1/Editor/Data/Resources/UnitySubsystems
[Subsystems] Discovering subsystems at path C:/Users/student/Desktop/Unity_3D_Action_Git/Project_3D_Action/Assets
GfxDevice: creating device client; threaded=0; jobified=0
Direct3D:
    Version:  Direct3D 11.0 [level 11.1]
    Renderer: NVIDIA GeForce RTX 2070 (ID=0x1f10)
    Vendor:   NVIDIA
    VRAM:     8006 MB
    Driver:   31.0.15.5176
Initialize mono
Mono path[0] = 'C:/Program Files/Unity/Hub/Editor/2022.3.20f1/Editor/Data/Managed'
Mono path[1] = 'C:/Program Files/Unity/Hub/Editor/2022.3.20f1/Editor/Data/MonoBleedingEdge/lib/mono/unityjit-win32'
Mono config path = 'C:/Program Files/Unity/Hub/Editor/2022.3.20f1/Editor/Data/MonoBleedingEdge/etc'
Using monoOptions --debugger-agent=transport=dt_socket,embedding=1,server=y,suspend=n,address=127.0.0.1:56456
Begin MonoManager ReloadAssembly
Registering precompiled unity dll's ...
Register platform support module: C:/Program Files/Unity/Hub/Editor/2022.3.20f1/Editor/Data/PlaybackEngines/WebGLSupport/UnityEditor.WebGL.Extensions.dll
Register platform support module: C:/Program Files/Unity/Hub/Editor/2022.3.20f1/Editor/Data/PlaybackEngines/MacStandaloneSupport/UnityEditor.OSXStandalone.Extensions.dll
Register platform support module: C:/Program Files/Unity/Hub/Editor/2022.3.20f1/Editor/Data/PlaybackEngines/AndroidPlayer/UnityEditor.Android.Extensions.dll
Register platform support module: C:/Program Files/Unity/Hub/Editor/2022.3.20f1/Editor/Data/PlaybackEngines/iOSSupport/UnityEditor.iOS.Extensions.dll
Register platform support module: C:/Program Files/Unity/Hub/Editor/2022.3.20f1/Editor/Data/PlaybackEngines/WindowsStandaloneSupport/UnityEditor.WindowsStandalone.Extensions.dll
Registered in 0.013012 seconds.
- Loaded All Assemblies, in  0.494 seconds
Native extension for WindowsStandalone target not found
[usbmuxd] Start listen thread
[usbmuxd] Listen thread started
[usbmuxd] Send listen message
Native extension for iOS target not found
Native extension for Android target not found
Android Extension - Scanning For ADB Devices 309 ms
Native extension for OSXStandalone target not found
Native extension for WebGL target not found
Mono: successfully reloaded assembly
- Finished resetting the current domain, in  0.722 seconds
Domain Reload Profiling: 1213ms
	BeginReloadAssembly (141ms)
		ExecutionOrderSort (0ms)
		DisableScriptedObjects (0ms)
		BackupInstance (0ms)
		ReleaseScriptingObjects (0ms)
		CreateAndSetChildDomain (1ms)
	RebuildCommonClasses (40ms)
	RebuildNativeTypeToScriptingClass (14ms)
	initialDomainReloadingComplete (72ms)
	LoadAllAssembliesAndSetupDomain (224ms)
		LoadAssemblies (140ms)
		RebuildTransferFunctionScriptingTraits (0ms)
		AnalyzeDomain (219ms)
			TypeCache.Refresh (216ms)
				TypeCache.ScanAssembly (195ms)
			ScanForSourceGeneratedMonoScriptInfo (1ms)
			ResolveRequiredComponents (1ms)
	FinalizeReload (722ms)
		ReleaseScriptCaches (0ms)
		RebuildScriptCaches (0ms)
		SetupLoadedEditorAssemblies (645ms)
			LogAssemblyErrors (0ms)
			InitializePlatformSupportModulesInManaged (460ms)
			SetLoadedEditorAssemblies (4ms)
			RefreshPlugins (0ms)
			BeforeProcessingInitializeOnLoad (2ms)
			ProcessInitializeOnLoadAttributes (128ms)
			ProcessInitializeOnLoadMethodAttributes (51ms)
			AfterProcessingInitializeOnLoad (0ms)
			EditorAssembliesLoaded (0ms)
		ExecutionOrderSort2 (0ms)
		AwakeInstancesAfterBackupRestoration (0ms)
========================================================================
Worker process is ready to serve import requests
Begin MonoManager ReloadAssembly
- Loaded All Assemblies, in  0.732 seconds
Refreshing native plugins compatible for Editor in 3.41 ms, found 3 plugins.
Native extension for WindowsStandalone target not found
Native extension for iOS target not found
Native extension for Android target not found
Native extension for OSXStandalone target not found
Native extension for WebGL target not found
Package Manager log level set to [2]
[Package Manager] Server::EnsureServerProcessIsRunning -- launch failed, reason: Unity was launched with the -noUpm command-line argument
[Package Manager] UpmClient::Send -- Unable to send message (not connected to UPM process).
[Package Manager] Cannot connect to Unity Package Manager local server
Mono: successfully reloaded assembly
- Finished resetting the current domain, in  0.981 seconds
Domain Reload Profiling: 1710ms
	BeginReloadAssembly (165ms)
		ExecutionOrderSort (0ms)
		DisableScriptedObjects (7ms)
		BackupInstance (0ms)
		ReleaseScriptingObjects (0ms)
		CreateAndSetChildDomain (26ms)
	RebuildCommonClasses (38ms)
	RebuildNativeTypeToScriptingClass (15ms)
	initialDomainReloadingComplete (51ms)
	LoadAllAssembliesAndSetupDomain (459ms)
		LoadAssemblies (331ms)
		RebuildTransferFunctionScriptingTraits (0ms)
		AnalyzeDomain (223ms)
			TypeCache.Refresh (200ms)
				TypeCache.ScanAssembly (178ms)
			ScanForSourceGeneratedMonoScriptInfo (17ms)
			ResolveRequiredComponents (4ms)
	FinalizeReload (982ms)
		ReleaseScriptCaches (0ms)
		RebuildScriptCaches (0ms)
		SetupLoadedEditorAssemblies (796ms)
			LogAssemblyErrors (0ms)
			InitializePlatformSupportModulesInManaged (50ms)
			SetLoadedEditorAssemblies (4ms)
			RefreshPlugins (0ms)
			BeforeProcessingInitializeOnLoad (65ms)
			ProcessInitializeOnLoadAttributes (646ms)
			ProcessInitializeOnLoadMethodAttributes (22ms)
			AfterProcessingInitializeOnLoad (7ms)
			EditorAssembliesLoaded (0ms)
		ExecutionOrderSort2 (0ms)
		AwakeInstancesAfterBackupRestoration (8ms)
Launched and connected shader compiler UnityShaderCompiler.exe after 0.06 seconds
Refreshing native plugins compatible for Editor in 3.97 ms, found 3 plugins.
Preloading 0 native plugins for Editor in 0.00 ms.
Unloading 3093 Unused Serialized files (Serialized files now loaded: 0)
Unloading 32 unused Assets / (57.4 KB). Loaded Objects now: 3571.
Memory consumption went from 142.2 MB to 142.1 MB.
Total: 4.083000 ms (FindLiveObjects: 0.276000 ms CreateObjectMapping: 0.402300 ms MarkObjects: 3.287000 ms  DeleteObjects: 0.116900 ms)

AssetImportParameters requested are different than current active one (requested -> active):
  custom:container-demuxer-ogg: 62fdf1f143b41e24485cea50d1cbac27 -> 
  custom:video-codec-MediaFoundation-h265: 746d11721c4dcdbdad8f713fa42b33f4 -> 
  custom:video-decoder-ogg-theora: a1e56fd34408186e4bbccfd4996cb3dc -> 
  custom:framework-win-MediaFoundation: 216162199b28c13a410421893ffa2e32 -> 
  custom:CustomObjectIndexerAttribute: 6d391050e5a25f67b0a2c618074f2cd9 -> 
  custom:container-demuxer-webm: 4f35f7cbe854078d1ac9338744f61a02 -> 
  custom:container-muxer-webm: aa71ff27fc2769a1b78a27578f13a17b -> 
  custom:video-decoder-webm-vp8: 9c59270c3fd7afecdb556c50c9e8de78 -> 
  custom:SearchIndexIgnoredProperties: e643bd26f0fe6173181afceb89e7c659 -> 
  custom:AudioImporter_EditorPlatform: d09bf68614088b80899f8185d706f6e7 -> 
  custom:video-encoder-webm-vp8: eb34c28f22e8b96e1ab97ce403110664 -> 
  custom:audio-decoder-ogg-vorbis: bf7c407c2cedff20999df2af8eb42d56 -> 
  custom:audio-encoder-webm-vorbis: bf7c407c2cedff20999df2af8eb42d56 -> 
========================================================================
Received Import Request.
  Time since last request: 493869.773915 seconds.
  path: Assets/New Terrain.asset
  artifactKey: Guid(d956ff6a183ab8e4b8557d33599290da) Importer(815301076,1909f56bfc062723c751e8b465ee728b)
Start importing Assets/New Terrain.asset using Guid(d956ff6a183ab8e4b8557d33599290da) Importer(815301076,1909f56bfc062723c751e8b465ee728b)  -> (artifact id: 'cf4ca49de055650a9616b3042768c1d7') in 0.021007 seconds
Number of updated asset objects reloaded before import = 0
Number of asset objects unloaded after import = 1
========================================================================
Received Import Request.
  Time since last request: 369.845324 seconds.
  path: Assets/Frank_RPG_Gunslinger
  artifactKey: Guid(16e3d12cfc6174849a45c604fd55819f) Importer(815301076,1909f56bfc062723c751e8b465ee728b)
Start importing Assets/Frank_RPG_Gunslinger using Guid(16e3d12cfc6174849a45c604fd55819f) Importer(815301076,1909f56bfc062723c751e8b465ee728b)  -> (artifact id: '8a4f591e5b21e4c5d3cba0057cf655c0') in 0.001014 seconds
Number of updated asset objects reloaded before import = 0
Number of asset objects unloaded after import = 0
========================================================================
Received Import Request.
  Time since last request: 4.212589 seconds.
  path: Assets/Frank_RPG_Gunslinger/Assets
  artifactKey: Guid(175dff04c58e8484c9e39b6d84ad62fb) Importer(815301076,1909f56bfc062723c751e8b465ee728b)
Start importing Assets/Frank_RPG_Gunslinger/Assets using Guid(175dff04c58e8484c9e39b6d84ad62fb) Importer(815301076,1909f56bfc062723c751e8b465ee728b)  -> (artifact id: '8718a64e95d04818959d74b783cb4ac3') in 0.000647 seconds
Number of updated asset objects reloaded before import = 0
Number of asset objects unloaded after import = 0
========================================================================
Received Import Request.
  Time since last request: 2.210642 seconds.
  path: Assets/Frank_RPG_Gunslinger/Assets/Animations
  artifactKey: Guid(8f1677b32849bab409031d7d77dcf4f6) Importer(815301076,1909f56bfc062723c751e8b465ee728b)
Start importing Assets/Frank_RPG_Gunslinger/Assets/Animations using Guid(8f1677b32849bab409031d7d77dcf4f6) Importer(815301076,1909f56bfc062723c751e8b465ee728b)  -> (artifact id: '8fe7f08b143752bb0d5a10818e5748d7') in 0.000581 seconds
Number of updated asset objects reloaded before import = 0
Number of asset objects unloaded after import = 0
========================================================================
Received Import Request.
  Time since last request: 3.013251 seconds.
  path: Assets/Frank_RPG_Gunslinger/Assets/Animations/FBX
  artifactKey: Guid(e85bd2cd5a8423549b3c8068d297bc8d) Importer(815301076,1909f56bfc062723c751e8b465ee728b)
Start importing Assets/Frank_RPG_Gunslinger/Assets/Animations/FBX using Guid(e85bd2cd5a8423549b3c8068d297bc8d) Importer(815301076,1909f56bfc062723c751e8b465ee728b)  -> (artifact id: 'b17e5f47683a272fd5992a95daecb36e') in 0.000558 seconds
Number of updated asset objects reloaded before import = 0
Number of asset objects unloaded after import = 0
========================================================================
Received Import Request.
  Time since last request: 0.098215 seconds.
  path: Assets/Frank_RPG_Gunslinger/Assets/Animations/FBX/Frank_RPG_Gunslinger_8Way_Run_B.FBX
  artifactKey: Guid(2cc96d9aeda0ced48914f0fc63293489) Importer(815301076,1909f56bfc062723c751e8b465ee728b)
Start importing Assets/Frank_RPG_Gunslinger/Assets/Animations/FBX/Frank_RPG_Gunslinger_8Way_Run_B.FBX using Guid(2cc96d9aeda0ced48914f0fc63293489) Importer(815301076,1909f56bfc062723c751e8b465ee728b)  -> (artifact id: 'ee629853f9563318e55193be9369ed79') in 0.028886 seconds
Number of updated asset objects reloaded before import = 0
Number of asset objects unloaded after import = 181
========================================================================
Received Import Request.
  Time since last request: 0.000029 seconds.
  path: Assets/Frank_RPG_Gunslinger/Assets/Animations/FBX/Frank_RPG_Gunslinger_Attack04.FBX
  artifactKey: Guid(f2116060390e41641ad1a9ddd994831d) Importer(815301076,1909f56bfc062723c751e8b465ee728b)
Start importing Assets/Frank_RPG_Gunslinger/Assets/Animations/FBX/Frank_RPG_Gunslinger_Attack04.FBX using Guid(f2116060390e41641ad1a9ddd994831d) Importer(815301076,1909f56bfc062723c751e8b465ee728b)  -> (artifact id: 'ef90c1a414e8abedac44a91c5bdd0a2c') in 0.009674 seconds
Number of updated asset objects reloaded before import = 0
Number of asset objects unloaded after import = 181
========================================================================
Received Import Request.
  Time since last request: 0.000019 seconds.
  path: Assets/Frank_RPG_Gunslinger/Assets/Animations/FBX/Frank_RPG_Gunslinger_Crouch_Idle.FBX
  artifactKey: Guid(450feb8103692b24e9abe798043d4ccb) Importer(815301076,1909f56bfc062723c751e8b465ee728b)
Start importing Assets/Frank_RPG_Gunslinger/Assets/Animations/FBX/Frank_RPG_Gunslinger_Crouch_Idle.FBX using Guid(450feb8103692b24e9abe798043d4ccb) Importer(815301076,1909f56bfc062723c751e8b465ee728b)  -> (artifact id: '668c71289ec0a7b6b06facf91967fc9b') in 0.006613 seconds
Number of updated asset objects reloaded before import = 0
Number of asset objects unloaded after import = 181
========================================================================
Received Import Request.
  Time since last request: 0.000021 seconds.
  path: Assets/Frank_RPG_Gunslinger/Assets/Animations/FBX/Frank_RPG_Gunslinger_8Way_Walk_BL.FBX
  artifactKey: Guid(5aebbd8e98b55a94e81f3294283ecc42) Importer(815301076,1909f56bfc062723c751e8b465ee728b)
Start importing Assets/Frank_RPG_Gunslinger/Assets/Animations/FBX/Frank_RPG_Gunslinger_8Way_Walk_BL.FBX using Guid(5aebbd8e98b55a94e81f3294283ecc42) Importer(815301076,1909f56bfc062723c751e8b465ee728b)  -> (artifact id: '3322723bb1c344896a62119123e506ad') in 0.006490 seconds
Number of updated asset objects reloaded before import = 0
Number of asset objects unloaded after import = 181
========================================================================
Received Import Request.
  Time since last request: 0.000021 seconds.
  path: Assets/Frank_RPG_Gunslinger/Assets/Animations/FBX/Frank_RPG_Gunslinger_8Way_Run_F.FBX
  artifactKey: Guid(5f4dba405545ee84081b42fe23e43649) Importer(815301076,1909f56bfc062723c751e8b465ee728b)
Start importing Assets/Frank_RPG_Gunslinger/Assets/Animations/FBX/Frank_RPG_Gunslinger_8Way_Run_F.FBX using Guid(5f4dba405545ee84081b42fe23e43649) Importer(815301076,1909f56bfc062723c751e8b465ee728b)  -> (artifact id: '327fe1704f4b96db6042e8abde1f76e2') in 0.004178 seconds
Number of updated asset objects reloaded before import = 0
Number of asset objects unloaded after import = 181
========================================================================
Received Import Request.
  Time since last request: 0.000018 seconds.
  path: Assets/Frank_RPG_Gunslinger/Assets/Animations/FBX/Frank_RPG_Gunslinger_Attack05.FBX
  artifactKey: Guid(46ec66b5a8c8563449985d8c1d331e4a) Importer(815301076,1909f56bfc062723c751e8b465ee728b)
Start importing Assets/Frank_RPG_Gunslinger/Assets/Animations/FBX/Frank_RPG_Gunslinger_Attack05.FBX using Guid(46ec66b5a8c8563449985d8c1d331e4a) Importer(815301076,1909f56bfc062723c751e8b465ee728b)  -> (artifact id: '2b0e8bce25522d3b82ece82a955340c7') in 0.008600 seconds
Number of updated asset objects reloaded before import = 0
Number of asset objects unloaded after import = 181
========================================================================
Received Import Request.
  Time since last request: 0.000019 seconds.
  path: Assets/Frank_RPG_Gunslinger/Assets/Animations/FBX/Frank_RPG_Gunslinger_Hit02.FBX
  artifactKey: Guid(71871b574273e27498f1450414c18113) Importer(815301076,1909f56bfc062723c751e8b465ee728b)
Start importing Assets/Frank_RPG_Gunslinger/Assets/Animations/FBX/Frank_RPG_Gunslinger_Hit02.FBX using Guid(71871b574273e27498f1450414c18113) Importer(815301076,1909f56bfc062723c751e8b465ee728b)  -> (artifact id: '8d9eb457a7311d164d0a4a4e8e717b23') in 0.004759 seconds
Number of updated asset objects reloaded before import = 0
Number of asset objects unloaded after import = 181
========================================================================
Received Import Request.
  Time since last request: 0.000016 seconds.
  path: Assets/Frank_RPG_Gunslinger/Assets/Animations/FBX/Frank_RPG_Gunslinger_Combo03_All.FBX
  artifactKey: Guid(dc6d7a7b8aae71d46a4ddb113a591398) Importer(815301076,1909f56bfc062723c751e8b465ee728b)
Start importing Assets/Frank_RPG_Gunslinger/Assets/Animations/FBX/Frank_RPG_Gunslinger_Combo03_All.FBX using Guid(dc6d7a7b8aae71d46a4ddb113a591398) Importer(815301076,1909f56bfc062723c751e8b465ee728b)  -> (artifact id: '205ab0685babe6d2fe467fc383ebd790') in 0.014933 seconds
Number of updated asset objects reloaded before import = 0
Number of asset objects unloaded after import = 181
========================================================================
Received Import Request.
  Time since last request: 0.000013 seconds.
  path: Assets/Frank_RPG_Gunslinger/Assets/Animations/FBX/Frank_RPG_Gunslinger_AirCombo01_All.FBX
  artifactKey: Guid(f85ac386a76329a4dad8a8244954e54a) Importer(815301076,1909f56bfc062723c751e8b465ee728b)
Start importing Assets/Frank_RPG_Gunslinger/Assets/Animations/FBX/Frank_RPG_Gunslinger_AirCombo01_All.FBX using Guid(f85ac386a76329a4dad8a8244954e54a) Importer(815301076,1909f56bfc062723c751e8b465ee728b)  -> (artifact id: '047ac545a5f0c594a2f4d48b3a3c0c8d') in 0.010143 seconds
Number of updated asset objects reloaded before import = 0
Number of asset objects unloaded after import = 181
========================================================================
Received Import Request.
  Time since last request: 0.000017 seconds.
  path: Assets/Frank_RPG_Gunslinger/Assets/Animations/FBX/Frank_RPG_Gunslinger_Evade_F.FBX
  artifactKey: Guid(0cac7850daca0bb41bdd321605813bdc) Importer(815301076,1909f56bfc062723c751e8b465ee728b)
Start importing Assets/Frank_RPG_Gunslinger/Assets/Animations/FBX/Frank_RPG_Gunslinger_Evade_F.FBX using Guid(0cac7850daca0bb41bdd321605813bdc) Importer(815301076,1909f56bfc062723c751e8b465ee728b)  -> (artifact id: '965a679ff97c9d69d51eb6eded5f2908') in 0.005261 seconds
Number of updated asset objects reloaded before import = 0
Number of asset objects unloaded after import = 181
========================================================================
Received Import Request.
  Time since last request: 0.000029 seconds.
  path: Assets/Frank_RPG_Gunslinger/Assets/Animations/FBX/Frank_RPG_Gunslinger_Hit01.FBX
  artifactKey: Guid(e0312ebcb5e18df409fd4d62cf7db073) Importer(815301076,1909f56bfc062723c751e8b465ee728b)
Start importing Assets/Frank_RPG_Gunslinger/Assets/Animations/FBX/Frank_RPG_Gunslinger_Hit01.FBX using Guid(e0312ebcb5e18df409fd4d62cf7db073) Importer(815301076,1909f56bfc062723c751e8b465ee728b)  -> (artifact id: '1adfe07384a36249247963ebe7febbe3') in 0.007065 seconds
Number of updated asset objects reloaded before import = 0
Number of asset objects unloaded after import = 181
========================================================================
Received Import Request.
  Time since last request: 0.000018 seconds.
  path: Assets/Frank_RPG_Gunslinger/Assets/Animations/FBX/Frank_RPG_Gunslinger_Crouch_end.FBX
  artifactKey: Guid(6cb78edd106654846855fa3c70fcc622) Importer(815301076,1909f56bfc062723c751e8b465ee728b)
Start importing Assets/Frank_RPG_Gunslinger/Assets/Animations/FBX/Frank_RPG_Gunslinger_Crouch_end.FBX using Guid(6cb78edd106654846855fa3c70fcc622) Importer(815301076,1909f56bfc062723c751e8b465ee728b)  -> (artifact id: 'b3d5974b15e0f469d0d4ee88fd729a2e') in 0.004513 seconds
Number of updated asset objects reloaded before import = 0
Number of asset objects unloaded after import = 181
========================================================================
Received Import Request.
  Time since last request: 0.000024 seconds.
  path: Assets/Frank_RPG_Gunslinger/Assets/Animations/FBX/Frank_RPG_Gunslinger_Equip.FBX
  artifactKey: Guid(adcd5469d6a83d146b9d5f51e1a90e0e) Importer(815301076,1909f56bfc062723c751e8b465ee728b)
Start importing Assets/Frank_RPG_Gunslinger/Assets/Animations/FBX/Frank_RPG_Gunslinger_Equip.FBX using Guid(adcd5469d6a83d146b9d5f51e1a90e0e) Importer(815301076,1909f56bfc062723c751e8b465ee728b)  -> (artifact id: '9a0f2679d129a38ca50cc91184725d0a') in 0.005586 seconds
Number of updated asset objects reloaded before import = 0
Number of asset objects unloaded after import = 181
========================================================================
Received Import Request.
  Time since last request: 0.000016 seconds.
  path: Assets/Frank_RPG_Gunslinger/Assets/Animations/FBX/Frank_RPG_Gunslinger_8Way_Walk_L.FBX
  artifactKey: Guid(5389e076e90591244b7ef351f0d4eb94) Importer(815301076,1909f56bfc062723c751e8b465ee728b)
Start importing Assets/Frank_RPG_Gunslinger/Assets/Animations/FBX/Frank_RPG_Gunslinger_8Way_Walk_L.FBX using Guid(5389e076e90591244b7ef351f0d4eb94) Importer(815301076,1909f56bfc062723c751e8b465ee728b)  -> (artifact id: 'f9f0e3a91ac314bac7ed6944e92800d4') in 0.005215 seconds
Number of updated asset objects reloaded before import = 0
Number of asset objects unloaded after import = 181
========================================================================
Received Import Request.
  Time since last request: 0.000018 seconds.
  path: Assets/Frank_RPG_Gunslinger/Assets/Animations/FBX/Frank_RPG_Gunslinger_Getup.FBX
  artifactKey: Guid(8b58e469bd653b14bb2a2e02ee024a06) Importer(815301076,1909f56bfc062723c751e8b465ee728b)
Start importing Assets/Frank_RPG_Gunslinger/Assets/Animations/FBX/Frank_RPG_Gunslinger_Getup.FBX using Guid(8b58e469bd653b14bb2a2e02ee024a06) Importer(815301076,1909f56bfc062723c751e8b465ee728b)  -> (artifact id: 'd17a82bccfe9d5bdf66609c3528e4f4b') in 0.006828 seconds
Number of updated asset objects reloaded before import = 0
Number of asset objects unloaded after import = 181
========================================================================
Received Import Request.
  Time since last request: 0.000021 seconds.
  path: Assets/Frank_RPG_Gunslinger/Assets/Animations/FBX/Frank_RPG_Gunslinger_Combo04_All.FBX
  artifactKey: Guid(0a51065392d7ec845975744bfb8a9f1d) Importer(815301076,1909f56bfc062723c751e8b465ee728b)
Start importing Assets/Frank_RPG_Gunslinger/Assets/Animations/FBX/Frank_RPG_Gunslinger_Combo04_All.FBX using Guid(0a51065392d7ec845975744bfb8a9f1d) Importer(815301076,1909f56bfc062723c751e8b465ee728b)  -> (artifact id: '7ce39846fb57171165fdee8ad38bcaf5') in 0.018070 seconds
Number of updated asset objects reloaded before import = 0
Number of asset objects unloaded after import = 181
========================================================================
Received Import Request.
  Time since last request: 0.000016 seconds.
  path: Assets/Frank_RPG_Gunslinger/Assets/Animations/FBX/Frank_RPG_Gunslinger_Attack03.FBX
  artifactKey: Guid(75e5a995984946f46a4d8b92e1ca72fb) Importer(815301076,1909f56bfc062723c751e8b465ee728b)
Start importing Assets/Frank_RPG_Gunslinger/Assets/Animations/FBX/Frank_RPG_Gunslinger_Attack03.FBX using Guid(75e5a995984946f46a4d8b92e1ca72fb) Importer(815301076,1909f56bfc062723c751e8b465ee728b)  -> (artifact id: '7ea4546e72320fb5be414ff394242521') in 0.009634 seconds
Number of updated asset objects reloaded before import = 0
Number of asset objects unloaded after import = 181
========================================================================
Received Import Request.
  Time since last request: 0.000016 seconds.
  path: Assets/Frank_RPG_Gunslinger/Assets/Animations/FBX/Frank_RPG_Gunslinger_Handgun_Fire.FBX
  artifactKey: Guid(9fda9a6e35c722641937ec5a13511708) Importer(815301076,1909f56bfc062723c751e8b465ee728b)
Start importing Assets/Frank_RPG_Gunslinger/Assets/Animations/FBX/Frank_RPG_Gunslinger_Handgun_Fire.FBX using Guid(9fda9a6e35c722641937ec5a13511708) Importer(815301076,1909f56bfc062723c751e8b465ee728b)  -> (artifact id: '9ba53a447c52efeaa12b5871cbda7b90') in 0.005250 seconds
Number of updated asset objects reloaded before import = 0
Number of asset objects unloaded after import = 181
========================================================================
Received Import Request.
  Time since last request: 0.000017 seconds.
  path: Assets/Frank_RPG_Gunslinger/Assets/Animations/FBX/Frank_RPG_Gunslinger_8Way_Walk_R.FBX
  artifactKey: Guid(1eda09a7ea80c2d4dbcc0f2d1460edf5) Importer(815301076,1909f56bfc062723c751e8b465ee728b)
Start importing Assets/Frank_RPG_Gunslinger/Assets/Animations/FBX/Frank_RPG_Gunslinger_8Way_Walk_R.FBX using Guid(1eda09a7ea80c2d4dbcc0f2d1460edf5) Importer(815301076,1909f56bfc062723c751e8b465ee728b)  -> (artifact id: 'e106762b9d03e5711f6ba5902dfcecdd') in 0.005766 seconds
Number of updated asset objects reloaded before import = 0
Number of asset objects unloaded after import = 181
========================================================================
Received Import Request.
  Time since last request: 0.000019 seconds.
  path: Assets/Frank_RPG_Gunslinger/Assets/Animations/FBX/Frank_RPG_Gunslinger_8Way_Run_L.FBX
  artifactKey: Guid(e7e2ceb5f9bece14bbbf353c4f4cf730) Importer(815301076,1909f56bfc062723c751e8b465ee728b)
Start importing Assets/Frank_RPG_Gunslinger/Assets/Animations/FBX/Frank_RPG_Gunslinger_8Way_Run_L.FBX using Guid(e7e2ceb5f9bece14bbbf353c4f4cf730) Importer(815301076,1909f56bfc062723c751e8b465ee728b)  -> (artifact id: '3af0bb2d9f0be36c4d08c628448df586') in 0.006028 seconds
Number of updated asset objects reloaded before import = 0
Number of asset objects unloaded after import = 181
========================================================================
Received Import Request.
  Time since last request: 0.000015 seconds.
  path: Assets/Frank_RPG_Gunslinger/Assets/Animations/FBX/Frank_RPG_Gunslinger_Handgun_Aim.FBX
  artifactKey: Guid(4c5ecc419511fe1449547db44c4ca3c4) Importer(815301076,1909f56bfc062723c751e8b465ee728b)
Start importing Assets/Frank_RPG_Gunslinger/Assets/Animations/FBX/Frank_RPG_Gunslinger_Handgun_Aim.FBX using Guid(4c5ecc419511fe1449547db44c4ca3c4) Importer(815301076,1909f56bfc062723c751e8b465ee728b)  -> (artifact id: '0de9dfab5979266c9b95944650288791') in 0.004703 seconds
Number of updated asset objects reloaded before import = 0
Number of asset objects unloaded after import = 181
========================================================================
Received Import Request.
  Time since last request: 0.000016 seconds.
  path: Assets/Frank_RPG_Gunslinger/Assets/Animations/FBX/Frank_RPG_Gunslinger_Crouch_Start.FBX
  artifactKey: Guid(834de31676ffec1488838e1d5f94c14e) Importer(815301076,1909f56bfc062723c751e8b465ee728b)
Start importing Assets/Frank_RPG_Gunslinger/Assets/Animations/FBX/Frank_RPG_Gunslinger_Crouch_Start.FBX using Guid(834de31676ffec1488838e1d5f94c14e) Importer(815301076,1909f56bfc062723c751e8b465ee728b)  -> (artifact id: '3c01c2da46c1f6218e06485a1ade6ec5') in 0.003847 seconds
Number of updated asset objects reloaded before import = 0
Number of asset objects unloaded after import = 181
========================================================================
Received Import Request.
  Time since last request: 0.000016 seconds.
  path: Assets/Frank_RPG_Gunslinger/Assets/Animations/FBX/Frank_RPG_Gunslinger_8Way_Run_FR.FBX
  artifactKey: Guid(00df44b0c2b8d0141a1f34b33e98d47c) Importer(815301076,1909f56bfc062723c751e8b465ee728b)
Start importing Assets/Frank_RPG_Gunslinger/Assets/Animations/FBX/Frank_RPG_Gunslinger_8Way_Run_FR.FBX using Guid(00df44b0c2b8d0141a1f34b33e98d47c) Importer(815301076,1909f56bfc062723c751e8b465ee728b)  -> (artifact id: '3f7a24c48f074aaf4d3cd94b2104e2f5') in 0.004305 seconds
Number of updated asset objects reloaded before import = 0
Number of asset objects unloaded after import = 181
========================================================================
Received Import Request.
  Time since last request: 7.585743 seconds.
  path: Assets/Frank_RPG_Gunslinger/Assets/Animations/FBX/Frank_RPG_Gunslinger_Hit_Knockdown_Loop.FBX
  artifactKey: Guid(dc7abd9a8f1243c47b234ccba99eb03a) Importer(815301076,1909f56bfc062723c751e8b465ee728b)
Start importing Assets/Frank_RPG_Gunslinger/Assets/Animations/FBX/Frank_RPG_Gunslinger_Hit_Knockdown_Loop.FBX using Guid(dc7abd9a8f1243c47b234ccba99eb03a) Importer(815301076,1909f56bfc062723c751e8b465ee728b)  -> (artifact id: 'b5c937d0b22607a7498db52e432a1ca5') in 0.007030 seconds
Number of updated asset objects reloaded before import = 0
Number of asset objects unloaded after import = 181
========================================================================
Received Import Request.
  Time since last request: 0.000019 seconds.
  path: Assets/Frank_RPG_Gunslinger/Assets/Animations/FBX/Frank_RPG_Gunslinger_Rifle_Fire.FBX
  artifactKey: Guid(42e6c9f7751ab984fa1fca4b057b47a1) Importer(815301076,1909f56bfc062723c751e8b465ee728b)
Start importing Assets/Frank_RPG_Gunslinger/Assets/Animations/FBX/Frank_RPG_Gunslinger_Rifle_Fire.FBX using Guid(42e6c9f7751ab984fa1fca4b057b47a1) Importer(815301076,1909f56bfc062723c751e8b465ee728b)  -> (artifact id: '5456e6e607e0db37294e4d02d97e298f') in 0.005911 seconds
Number of updated asset objects reloaded before import = 0
Number of asset objects unloaded after import = 181
========================================================================
Received Import Request.
  Time since last request: 0.000015 seconds.
  path: Assets/Frank_RPG_Gunslinger/Assets/Animations/FBX/Frank_RPG_Gunslinger_Run01_Velocity.FBX
  artifactKey: Guid(9168166af8403684d9c8867fc818c2e9) Importer(815301076,1909f56bfc062723c751e8b465ee728b)
Start importing Assets/Frank_RPG_Gunslinger/Assets/Animations/FBX/Frank_RPG_Gunslinger_Run01_Velocity.FBX using Guid(9168166af8403684d9c8867fc818c2e9) Importer(815301076,1909f56bfc062723c751e8b465ee728b)  -> (artifact id: 'e6733716cc169756a63e9a1e922cde1b') in 0.005803 seconds
Number of updated asset objects reloaded before import = 0
Number of asset objects unloaded after import = 181
========================================================================
Received Import Request.
  Time since last request: 0.000041 seconds.
  path: Assets/Frank_RPG_Gunslinger/Assets/Animations/FBX/Frank_RPG_Gunslinger_Run02_Velocity.FBX
  artifactKey: Guid(8555064efd3ccd84b895d9d2b8cf76e0) Importer(815301076,1909f56bfc062723c751e8b465ee728b)
Start importing Assets/Frank_RPG_Gunslinger/Assets/Animations/FBX/Frank_RPG_Gunslinger_Run02_Velocity.FBX using Guid(8555064efd3ccd84b895d9d2b8cf76e0) Importer(815301076,1909f56bfc062723c751e8b465ee728b)  -> (artifact id: 'f11cae9828572faac0cc1f123b01021a') in 0.005508 seconds
Number of updated asset objects reloaded before import = 0
Number of asset objects unloaded after import = 181
========================================================================
Received Import Request.
  Time since last request: 0.000021 seconds.
  path: Assets/Frank_RPG_Gunslinger/Assets/Animations/FBX/Frank_RPG_Gunslinger_Rifle_Aim.FBX
  artifactKey: Guid(1bf61079a8c32784f9d4b5563d75c24c) Importer(815301076,1909f56bfc062723c751e8b465ee728b)
Start importing Assets/Frank_RPG_Gunslinger/Assets/Animations/FBX/Frank_RPG_Gunslinger_Rifle_Aim.FBX using Guid(1bf61079a8c32784f9d4b5563d75c24c) Importer(815301076,1909f56bfc062723c751e8b465ee728b)  -> (artifact id: '533058d1b158cf32d4c425b7889f1646') in 0.005625 seconds
Number of updated asset objects reloaded before import = 0
Number of asset objects unloaded after import = 181
========================================================================
Received Import Request.
  Time since last request: 4.273659 seconds.
  path: Assets/Frank_RPG_Gunslinger/Assets/Animations/FBX/Frank_RPG_Gunslinger_Run03_Faster_Velocity.FBX
  artifactKey: Guid(bbbbdc6ffca1f524a9355515c51d3a6c) Importer(815301076,1909f56bfc062723c751e8b465ee728b)
Start importing Assets/Frank_RPG_Gunslinger/Assets/Animations/FBX/Frank_RPG_Gunslinger_Run03_Faster_Velocity.FBX using Guid(bbbbdc6ffca1f524a9355515c51d3a6c) Importer(815301076,1909f56bfc062723c751e8b465ee728b)  -> (artifact id: 'd118e143b064393beb01aeacb5a79f0b') in 0.005711 seconds
Number of updated asset objects reloaded before import = 0
Number of asset objects unloaded after import = 181
========================================================================
Received Import Request.
  Time since last request: 0.000021 seconds.
  path: Assets/Frank_RPG_Gunslinger/Assets/Animations/FBX/Frank_RPG_Gunslinger_Run06_Rifle_Aim.FBX
  artifactKey: Guid(4e9ca6e2eadb6db4cb9992aa05687e35) Importer(815301076,1909f56bfc062723c751e8b465ee728b)
Start importing Assets/Frank_RPG_Gunslinger/Assets/Animations/FBX/Frank_RPG_Gunslinger_Run06_Rifle_Aim.FBX using Guid(4e9ca6e2eadb6db4cb9992aa05687e35) Importer(815301076,1909f56bfc062723c751e8b465ee728b)  -> (artifact id: '2801962b89630cb11730930e9f9e4c3e') in 0.006518 seconds
Number of updated asset objects reloaded before import = 0
Number of asset objects unloaded after import = 181
========================================================================
Received Import Request.
  Time since last request: 0.000030 seconds.
  path: Assets/Frank_RPG_Gunslinger/Assets/Animations/FBX/Frank_RPG_Gunslinger_Run04_HandGun_Aim_Velocity.FBX
  artifactKey: Guid(c18af87a4a47451488df39bb23fb0af0) Importer(815301076,1909f56bfc062723c751e8b465ee728b)
Start importing Assets/Frank_RPG_Gunslinger/Assets/Animations/FBX/Frank_RPG_Gunslinger_Run04_HandGun_Aim_Velocity.FBX using Guid(c18af87a4a47451488df39bb23fb0af0) Importer(815301076,1909f56bfc062723c751e8b465ee728b)  -> (artifact id: 'a3eab3268d8d9768a88b93908105dd92') in 0.006706 seconds
Number of updated asset objects reloaded before import = 0
Number of asset objects unloaded after import = 181
========================================================================
Received Import Request.
  Time since last request: 0.000022 seconds.
  path: Assets/Frank_RPG_Gunslinger/Assets/Animations/FBX/Frank_RPG_Gunslinger_Run05_ShotGun_Aim.FBX
  artifactKey: Guid(3be3908b2e1bd5d4bab4b9f0a5875df5) Importer(815301076,1909f56bfc062723c751e8b465ee728b)
Start importing Assets/Frank_RPG_Gunslinger/Assets/Animations/FBX/Frank_RPG_Gunslinger_Run05_ShotGun_Aim.FBX using Guid(3be3908b2e1bd5d4bab4b9f0a5875df5) Importer(815301076,1909f56bfc062723c751e8b465ee728b)  -> (artifact id: '710f207b0cfddd9f52eb31852df8d86f') in 0.005162 seconds
Number of updated asset objects reloaded before import = 0
Number of asset objects unloaded after import = 181
========================================================================
Received Import Request.
  Time since last request: 0.024826 seconds.
  path: Assets/Frank_RPG_Gunslinger/Assets/Animations/FBX/Frank_RPG_Gunslinger_Skill01.FBX
  artifactKey: Guid(9a822e9f2d2f7c146a3c9a53c83b1ada) Importer(815301076,1909f56bfc062723c751e8b465ee728b)
Start importing Assets/Frank_RPG_Gunslinger/Assets/Animations/FBX/Frank_RPG_Gunslinger_Skill01.FBX using Guid(9a822e9f2d2f7c146a3c9a53c83b1ada) Importer(815301076,1909f56bfc062723c751e8b465ee728b)  -> (artifact id: 'ce36d815fcd3670de98382f2e50d8fe2') in 0.008622 seconds
Number of updated asset objects reloaded before import = 0
Number of asset objects unloaded after import = 181
========================================================================
Received Import Request.
  Time since last request: 0.000022 seconds.
  path: Assets/Frank_RPG_Gunslinger/Assets/Animations/FBX/Frank_RPG_Gunslinger_Skill04.FBX
  artifactKey: Guid(acba85812c14c2c489362ab631a28043) Importer(815301076,1909f56bfc062723c751e8b465ee728b)
Start importing Assets/Frank_RPG_Gunslinger/Assets/Animations/FBX/Frank_RPG_Gunslinger_Skill04.FBX using Guid(acba85812c14c2c489362ab631a28043) Importer(815301076,1909f56bfc062723c751e8b465ee728b)  -> (artifact id: '62a92178856e586c7bddd93f19393f17') in 0.016879 seconds
Number of updated asset objects reloaded before import = 0
Number of asset objects unloaded after import = 181
========================================================================
Received Import Request.
  Time since last request: 0.000017 seconds.
  path: Assets/Frank_RPG_Gunslinger/Assets/Animations/FBX/Frank_RPG_Gunslinger_Unequip.FBX
  artifactKey: Guid(f0f1aaa88e8dc3c44a255628ab15493e) Importer(815301076,1909f56bfc062723c751e8b465ee728b)
Start importing Assets/Frank_RPG_Gunslinger/Assets/Animations/FBX/Frank_RPG_Gunslinger_Unequip.FBX using Guid(f0f1aaa88e8dc3c44a255628ab15493e) Importer(815301076,1909f56bfc062723c751e8b465ee728b)  -> (artifact id: '0f3498e9838eb4e938a8818e3266d7e7') in 0.005554 seconds
Number of updated asset objects reloaded before import = 0
Number of asset objects unloaded after import = 181
========================================================================
Received Import Request.
  Time since last request: 4.581018 seconds.
  path: Assets/Frank_RPG_Gunslinger/Assets/Animations/FBX/Frank_RPG_Gunslinger_Unequip_Run_Faster.FBX
  artifactKey: Guid(a47c21365e628ac47be720b538bb6f28) Importer(815301076,1909f56bfc062723c751e8b465ee728b)
Start importing Assets/Frank_RPG_Gunslinger/Assets/Animations/FBX/Frank_RPG_Gunslinger_Unequip_Run_Faster.FBX using Guid(a47c21365e628ac47be720b538bb6f28) Importer(815301076,1909f56bfc062723c751e8b465ee728b)  -> (artifact id: '14fc53f4d9ec387bbeedfb267213315b') in 0.007797 seconds
Number of updated asset objects reloaded before import = 0
Number of asset objects unloaded after import = 181
========================================================================
Received Import Request.
  Time since last request: 0.000017 seconds.
  path: Assets/Frank_RPG_Gunslinger/Assets/Animations/FBX/Frank_RPG_Gunslinger_Walk_Velocity.FBX
  artifactKey: Guid(24dc7cc92a462a342a3bc751f1d77fc9) Importer(815301076,1909f56bfc062723c751e8b465ee728b)
Start importing Assets/Frank_RPG_Gunslinger/Assets/Animations/FBX/Frank_RPG_Gunslinger_Walk_Velocity.FBX using Guid(24dc7cc92a462a342a3bc751f1d77fc9) Importer(815301076,1909f56bfc062723c751e8b465ee728b)  -> (artifact id: 'c6e9ae8006cbeeacf6c3c043c1b2535f') in 0.006038 seconds
Number of updated asset objects reloaded before import = 0
Number of asset objects unloaded after import = 181
Editor requested this worker to shutdown with reason: Scaling down because of idle timeout
TcpMessagingSession - receive error: operation aborted. errorcode: 995, details: スレッドの終了またはアプリケーションの要求によって、I/O 処理は中止されました。
AssetImportWorker is now disconnected from the server
Process exiting
Exiting without the bug reporter. Application will terminate with return code 0